<?xml version="1.0" encoding="UTF-8"?>
<testsuite xmlns:xsi="http://www.w3.org/2001/XMLSchema-instance" xsi:noNamespaceSchemaLocation="https://maven.apache.org/surefire/maven-surefire-plugin/xsd/surefire-test-report.xsd" name="guru.sfg.beer.order.service.services.Beer.BeerServiceRestTemplateImplTest" time="1.944" tests="1" errors="1" skipped="0" failures="0">
  <properties>
    <property name="java.specification.version" value="13"/>
    <property name="sun.jnu.encoding" value="UTF-8"/>
    <property name="java.class.path" value="/Users/liorlavon/Documents/Java/mssc-workspace/mssc-beer-order-service/target/test-classes:/Users/liorlavon/Documents/Java/mssc-workspace/mssc-beer-order-service/target/classes:/Users/liorlavon/.m2/repository/org/springframework/boot/spring-boot-starter-activemq/2.3.1.RELEASE/spring-boot-starter-activemq-2.3.1.RELEASE.jar:/Users/liorlavon/.m2/repository/org/apache/activemq/activemq-broker/5.15.12/activemq-broker-5.15.12.jar:/Users/liorlavon/.m2/repository/org/apache/activemq/activemq-client/5.15.12/activemq-client-5.15.12.jar:/Users/liorlavon/.m2/repository/org/fusesource/hawtbuf/hawtbuf/1.11/hawtbuf-1.11.jar:/Users/liorlavon/.m2/repository/org/apache/geronimo/specs/geronimo-j2ee-management_1.1_spec/1.0.1/geronimo-j2ee-management_1.1_spec-1.0.1.jar:/Users/liorlavon/.m2/repository/org/apache/activemq/activemq-openwire-legacy/5.15.12/activemq-openwire-legacy-5.15.12.jar:/Users/liorlavon/.m2/repository/com/google/guava/guava/28.2-jre/guava-28.2-jre.jar:/Users/liorlavon/.m2/repository/com/google/guava/failureaccess/1.0.1/failureaccess-1.0.1.jar:/Users/liorlavon/.m2/repository/com/google/guava/listenablefuture/9999.0-empty-to-avoid-conflict-with-guava/listenablefuture-9999.0-empty-to-avoid-conflict-with-guava.jar:/Users/liorlavon/.m2/repository/com/google/code/findbugs/jsr305/3.0.2/jsr305-3.0.2.jar:/Users/liorlavon/.m2/repository/org/checkerframework/checker-qual/2.10.0/checker-qual-2.10.0.jar:/Users/liorlavon/.m2/repository/com/google/errorprone/error_prone_annotations/2.3.4/error_prone_annotations-2.3.4.jar:/Users/liorlavon/.m2/repository/com/google/j2objc/j2objc-annotations/1.3/j2objc-annotations-1.3.jar:/Users/liorlavon/.m2/repository/com/fasterxml/jackson/core/jackson-databind/2.11.0/jackson-databind-2.11.0.jar:/Users/liorlavon/.m2/repository/com/fasterxml/jackson/core/jackson-annotations/2.11.0/jackson-annotations-2.11.0.jar:/Users/liorlavon/.m2/repository/com/fasterxml/jackson/core/jackson-core/2.11.0/jackson-core-2.11.0.jar:/Users/liorlavon/.m2/repository/jakarta/jms/jakarta.jms-api/2.0.3/jakarta.jms-api-2.0.3.jar:/Users/liorlavon/.m2/repository/org/springframework/spring-jms/5.2.7.RELEASE/spring-jms-5.2.7.RELEASE.jar:/Users/liorlavon/.m2/repository/org/springframework/spring-beans/5.2.7.RELEASE/spring-beans-5.2.7.RELEASE.jar:/Users/liorlavon/.m2/repository/org/springframework/spring-core/5.2.7.RELEASE/spring-core-5.2.7.RELEASE.jar:/Users/liorlavon/.m2/repository/org/springframework/spring-jcl/5.2.7.RELEASE/spring-jcl-5.2.7.RELEASE.jar:/Users/liorlavon/.m2/repository/org/springframework/spring-messaging/5.2.7.RELEASE/spring-messaging-5.2.7.RELEASE.jar:/Users/liorlavon/.m2/repository/org/springframework/spring-tx/5.2.7.RELEASE/spring-tx-5.2.7.RELEASE.jar:/Users/liorlavon/.m2/repository/org/springframework/boot/spring-boot-starter-actuator/2.3.1.RELEASE/spring-boot-starter-actuator-2.3.1.RELEASE.jar:/Users/liorlavon/.m2/repository/org/springframework/boot/spring-boot-actuator-autoconfigure/2.3.1.RELEASE/spring-boot-actuator-autoconfigure-2.3.1.RELEASE.jar:/Users/liorlavon/.m2/repository/org/springframework/boot/spring-boot-actuator/2.3.1.RELEASE/spring-boot-actuator-2.3.1.RELEASE.jar:/Users/liorlavon/.m2/repository/com/fasterxml/jackson/datatype/jackson-datatype-jsr310/2.11.0/jackson-datatype-jsr310-2.11.0.jar:/Users/liorlavon/.m2/repository/io/micrometer/micrometer-core/1.5.1/micrometer-core-1.5.1.jar:/Users/liorlavon/.m2/repository/org/hdrhistogram/HdrHistogram/2.1.12/HdrHistogram-2.1.12.jar:/Users/liorlavon/.m2/repository/org/latencyutils/LatencyUtils/2.0.3/LatencyUtils-2.0.3.jar:/Users/liorlavon/.m2/repository/org/springframework/boot/spring-boot-starter/2.3.1.RELEASE/spring-boot-starter-2.3.1.RELEASE.jar:/Users/liorlavon/.m2/repository/org/springframework/boot/spring-boot/2.3.1.RELEASE/spring-boot-2.3.1.RELEASE.jar:/Users/liorlavon/.m2/repository/org/springframework/spring-context/5.2.7.RELEASE/spring-context-5.2.7.RELEASE.jar:/Users/liorlavon/.m2/repository/org/springframework/boot/spring-boot-autoconfigure/2.3.1.RELEASE/spring-boot-autoconfigure-2.3.1.RELEASE.jar:/Users/liorlavon/.m2/repository/org/springframework/boot/spring-boot-starter-logging/2.3.1.RELEASE/spring-boot-starter-logging-2.3.1.RELEASE.jar:/Users/liorlavon/.m2/repository/ch/qos/logback/logback-classic/1.2.3/logback-classic-1.2.3.jar:/Users/liorlavon/.m2/repository/ch/qos/logback/logback-core/1.2.3/logback-core-1.2.3.jar:/Users/liorlavon/.m2/repository/org/apache/logging/log4j/log4j-to-slf4j/2.13.3/log4j-to-slf4j-2.13.3.jar:/Users/liorlavon/.m2/repository/org/apache/logging/log4j/log4j-api/2.13.3/log4j-api-2.13.3.jar:/Users/liorlavon/.m2/repository/org/slf4j/jul-to-slf4j/1.7.30/jul-to-slf4j-1.7.30.jar:/Users/liorlavon/.m2/repository/jakarta/annotation/jakarta.annotation-api/1.3.5/jakarta.annotation-api-1.3.5.jar:/Users/liorlavon/.m2/repository/org/yaml/snakeyaml/1.26/snakeyaml-1.26.jar:/Users/liorlavon/.m2/repository/org/springframework/boot/spring-boot-starter-web/2.3.1.RELEASE/spring-boot-starter-web-2.3.1.RELEASE.jar:/Users/liorlavon/.m2/repository/org/springframework/boot/spring-boot-starter-json/2.3.1.RELEASE/spring-boot-starter-json-2.3.1.RELEASE.jar:/Users/liorlavon/.m2/repository/com/fasterxml/jackson/datatype/jackson-datatype-jdk8/2.11.0/jackson-datatype-jdk8-2.11.0.jar:/Users/liorlavon/.m2/repository/com/fasterxml/jackson/module/jackson-module-parameter-names/2.11.0/jackson-module-parameter-names-2.11.0.jar:/Users/liorlavon/.m2/repository/org/springframework/boot/spring-boot-starter-tomcat/2.3.1.RELEASE/spring-boot-starter-tomcat-2.3.1.RELEASE.jar:/Users/liorlavon/.m2/repository/org/apache/tomcat/embed/tomcat-embed-core/9.0.36/tomcat-embed-core-9.0.36.jar:/Users/liorlavon/.m2/repository/org/apache/tomcat/embed/tomcat-embed-websocket/9.0.36/tomcat-embed-websocket-9.0.36.jar:/Users/liorlavon/.m2/repository/org/springframework/spring-web/5.2.7.RELEASE/spring-web-5.2.7.RELEASE.jar:/Users/liorlavon/.m2/repository/org/springframework/spring-webmvc/5.2.7.RELEASE/spring-webmvc-5.2.7.RELEASE.jar:/Users/liorlavon/.m2/repository/org/springframework/spring-aop/5.2.7.RELEASE/spring-aop-5.2.7.RELEASE.jar:/Users/liorlavon/.m2/repository/org/springframework/spring-expression/5.2.7.RELEASE/spring-expression-5.2.7.RELEASE.jar:/Users/liorlavon/.m2/repository/org/springframework/boot/spring-boot-starter-validation/2.3.1.RELEASE/spring-boot-starter-validation-2.3.1.RELEASE.jar:/Users/liorlavon/.m2/repository/org/glassfish/jakarta.el/3.0.3/jakarta.el-3.0.3.jar:/Users/liorlavon/.m2/repository/org/hibernate/validator/hibernate-validator/6.1.5.Final/hibernate-validator-6.1.5.Final.jar:/Users/liorlavon/.m2/repository/jakarta/validation/jakarta.validation-api/2.0.2/jakarta.validation-api-2.0.2.jar:/Users/liorlavon/.m2/repository/org/jboss/logging/jboss-logging/3.4.1.Final/jboss-logging-3.4.1.Final.jar:/Users/liorlavon/.m2/repository/com/fasterxml/classmate/1.5.1/classmate-1.5.1.jar:/Users/liorlavon/.m2/repository/org/springframework/boot/spring-boot-devtools/2.3.1.RELEASE/spring-boot-devtools-2.3.1.RELEASE.jar:/Users/liorlavon/.m2/repository/org/springframework/boot/spring-boot-starter-data-jpa/2.3.1.RELEASE/spring-boot-starter-data-jpa-2.3.1.RELEASE.jar:/Users/liorlavon/.m2/repository/org/springframework/boot/spring-boot-starter-aop/2.3.1.RELEASE/spring-boot-starter-aop-2.3.1.RELEASE.jar:/Users/liorlavon/.m2/repository/org/aspectj/aspectjweaver/1.9.5/aspectjweaver-1.9.5.jar:/Users/liorlavon/.m2/repository/org/springframework/boot/spring-boot-starter-jdbc/2.3.1.RELEASE/spring-boot-starter-jdbc-2.3.1.RELEASE.jar:/Users/liorlavon/.m2/repository/org/springframework/spring-jdbc/5.2.7.RELEASE/spring-jdbc-5.2.7.RELEASE.jar:/Users/liorlavon/.m2/repository/jakarta/transaction/jakarta.transaction-api/1.3.3/jakarta.transaction-api-1.3.3.jar:/Users/liorlavon/.m2/repository/jakarta/persistence/jakarta.persistence-api/2.2.3/jakarta.persistence-api-2.2.3.jar:/Users/liorlavon/.m2/repository/org/hibernate/hibernate-core/5.4.17.Final/hibernate-core-5.4.17.Final.jar:/Users/liorlavon/.m2/repository/org/javassist/javassist/3.24.0-GA/javassist-3.24.0-GA.jar:/Users/liorlavon/.m2/repository/net/bytebuddy/byte-buddy/1.10.11/byte-buddy-1.10.11.jar:/Users/liorlavon/.m2/repository/antlr/antlr/2.7.7/antlr-2.7.7.jar:/Users/liorlavon/.m2/repository/org/jboss/jandex/2.1.3.Final/jandex-2.1.3.Final.jar:/Users/liorlavon/.m2/repository/org/dom4j/dom4j/2.1.3/dom4j-2.1.3.jar:/Users/liorlavon/.m2/repository/org/hibernate/common/hibernate-commons-annotations/5.1.0.Final/hibernate-commons-annotations-5.1.0.Final.jar:/Users/liorlavon/.m2/repository/org/glassfish/jaxb/jaxb-runtime/2.3.3/jaxb-runtime-2.3.3.jar:/Users/liorlavon/.m2/repository/org/glassfish/jaxb/txw2/2.3.3/txw2-2.3.3.jar:/Users/liorlavon/.m2/repository/com/sun/istack/istack-commons-runtime/3.0.11/istack-commons-runtime-3.0.11.jar:/Users/liorlavon/.m2/repository/com/sun/activation/jakarta.activation/1.2.2/jakarta.activation-1.2.2.jar:/Users/liorlavon/.m2/repository/org/springframework/data/spring-data-jpa/2.3.1.RELEASE/spring-data-jpa-2.3.1.RELEASE.jar:/Users/liorlavon/.m2/repository/org/springframework/data/spring-data-commons/2.3.1.RELEASE/spring-data-commons-2.3.1.RELEASE.jar:/Users/liorlavon/.m2/repository/org/springframework/spring-orm/5.2.7.RELEASE/spring-orm-5.2.7.RELEASE.jar:/Users/liorlavon/.m2/repository/org/springframework/spring-aspects/5.2.7.RELEASE/spring-aspects-5.2.7.RELEASE.jar:/Users/liorlavon/.m2/repository/com/h2database/h2/1.4.200/h2-1.4.200.jar:/Users/liorlavon/.m2/repository/mysql/mysql-connector-java/8.0.20/mysql-connector-java-8.0.20.jar:/Users/liorlavon/.m2/repository/org/mapstruct/mapstruct/1.3.1.Final/mapstruct-1.3.1.Final.jar:/Users/liorlavon/.m2/repository/org/projectlombok/lombok/1.18.12/lombok-1.18.12.jar:/Users/liorlavon/.m2/repository/com/zaxxer/HikariCP/3.4.5/HikariCP-3.4.5.jar:/Users/liorlavon/.m2/repository/org/slf4j/slf4j-api/1.7.30/slf4j-api-1.7.30.jar:/Users/liorlavon/.m2/repository/org/springframework/boot/spring-boot-starter-test/2.3.1.RELEASE/spring-boot-starter-test-2.3.1.RELEASE.jar:/Users/liorlavon/.m2/repository/org/springframework/boot/spring-boot-test/2.3.1.RELEASE/spring-boot-test-2.3.1.RELEASE.jar:/Users/liorlavon/.m2/repository/org/springframework/boot/spring-boot-test-autoconfigure/2.3.1.RELEASE/spring-boot-test-autoconfigure-2.3.1.RELEASE.jar:/Users/liorlavon/.m2/repository/com/jayway/jsonpath/json-path/2.4.0/json-path-2.4.0.jar:/Users/liorlavon/.m2/repository/net/minidev/json-smart/2.3/json-smart-2.3.jar:/Users/liorlavon/.m2/repository/net/minidev/accessors-smart/1.2/accessors-smart-1.2.jar:/Users/liorlavon/.m2/repository/org/ow2/asm/asm/5.0.4/asm-5.0.4.jar:/Users/liorlavon/.m2/repository/jakarta/xml/bind/jakarta.xml.bind-api/2.3.3/jakarta.xml.bind-api-2.3.3.jar:/Users/liorlavon/.m2/repository/jakarta/activation/jakarta.activation-api/1.2.2/jakarta.activation-api-1.2.2.jar:/Users/liorlavon/.m2/repository/org/assertj/assertj-core/3.16.1/assertj-core-3.16.1.jar:/Users/liorlavon/.m2/repository/org/hamcrest/hamcrest/2.2/hamcrest-2.2.jar:/Users/liorlavon/.m2/repository/org/junit/jupiter/junit-jupiter/5.6.2/junit-jupiter-5.6.2.jar:/Users/liorlavon/.m2/repository/org/junit/jupiter/junit-jupiter-params/5.6.2/junit-jupiter-params-5.6.2.jar:/Users/liorlavon/.m2/repository/org/mockito/mockito-core/3.3.3/mockito-core-3.3.3.jar:/Users/liorlavon/.m2/repository/net/bytebuddy/byte-buddy-agent/1.10.11/byte-buddy-agent-1.10.11.jar:/Users/liorlavon/.m2/repository/org/objenesis/objenesis/2.6/objenesis-2.6.jar:/Users/liorlavon/.m2/repository/org/skyscreamer/jsonassert/1.5.0/jsonassert-1.5.0.jar:/Users/liorlavon/.m2/repository/com/vaadin/external/google/android-json/0.0.20131108.vaadin1/android-json-0.0.20131108.vaadin1.jar:/Users/liorlavon/.m2/repository/org/springframework/spring-test/5.2.7.RELEASE/spring-test-5.2.7.RELEASE.jar:/Users/liorlavon/.m2/repository/org/xmlunit/xmlunit-core/2.7.0/xmlunit-core-2.7.0.jar:/Users/liorlavon/.m2/repository/org/junit/jupiter/junit-jupiter-api/5.6.2/junit-jupiter-api-5.6.2.jar:/Users/liorlavon/.m2/repository/org/apiguardian/apiguardian-api/1.1.0/apiguardian-api-1.1.0.jar:/Users/liorlavon/.m2/repository/org/opentest4j/opentest4j/1.2.0/opentest4j-1.2.0.jar:/Users/liorlavon/.m2/repository/org/junit/platform/junit-platform-commons/1.6.2/junit-platform-commons-1.6.2.jar:/Users/liorlavon/.m2/repository/org/junit/jupiter/junit-jupiter-engine/5.6.2/junit-jupiter-engine-5.6.2.jar:/Users/liorlavon/.m2/repository/org/junit/platform/junit-platform-engine/1.6.2/junit-platform-engine-1.6.2.jar:/Users/liorlavon/.m2/repository/org/mockito/mockito-junit-jupiter/3.3.3/mockito-junit-jupiter-3.3.3.jar:"/>
    <property name="java.vm.vendor" value="Oracle Corporation"/>
    <property name="sun.arch.data.model" value="64"/>
    <property name="java.vendor.url" value="https://java.oracle.com/"/>
    <property name="os.name" value="Mac OS X"/>
    <property name="java.vm.specification.version" value="13"/>
    <property name="sun.java.launcher" value="SUN_STANDARD"/>
    <property name="user.country" value="NL"/>
    <property name="sun.boot.library.path" value="/Library/Java/JavaVirtualMachines/jdk-13.0.2.jdk/Contents/Home/lib"/>
    <property name="sun.java.command" value="/Users/liorlavon/Documents/Java/mssc-workspace/mssc-beer-order-service/target/surefire/surefirebooter15127868364959675991.jar /Users/liorlavon/Documents/Java/mssc-workspace/mssc-beer-order-service/target/surefire 2020-07-01T15-51-28_740-jvmRun1 surefire8423998276507618977tmp surefire_05358463648343300511tmp"/>
    <property name="http.nonProxyHosts" value="local|*.local|169.254/16|*.169.254/16"/>
    <property name="jdk.debug" value="release"/>
    <property name="surefire.test.class.path" value="/Users/liorlavon/Documents/Java/mssc-workspace/mssc-beer-order-service/target/test-classes:/Users/liorlavon/Documents/Java/mssc-workspace/mssc-beer-order-service/target/classes:/Users/liorlavon/.m2/repository/org/springframework/boot/spring-boot-starter-activemq/2.3.1.RELEASE/spring-boot-starter-activemq-2.3.1.RELEASE.jar:/Users/liorlavon/.m2/repository/org/apache/activemq/activemq-broker/5.15.12/activemq-broker-5.15.12.jar:/Users/liorlavon/.m2/repository/org/apache/activemq/activemq-client/5.15.12/activemq-client-5.15.12.jar:/Users/liorlavon/.m2/repository/org/fusesource/hawtbuf/hawtbuf/1.11/hawtbuf-1.11.jar:/Users/liorlavon/.m2/repository/org/apache/geronimo/specs/geronimo-j2ee-management_1.1_spec/1.0.1/geronimo-j2ee-management_1.1_spec-1.0.1.jar:/Users/liorlavon/.m2/repository/org/apache/activemq/activemq-openwire-legacy/5.15.12/activemq-openwire-legacy-5.15.12.jar:/Users/liorlavon/.m2/repository/com/google/guava/guava/28.2-jre/guava-28.2-jre.jar:/Users/liorlavon/.m2/repository/com/google/guava/failureaccess/1.0.1/failureaccess-1.0.1.jar:/Users/liorlavon/.m2/repository/com/google/guava/listenablefuture/9999.0-empty-to-avoid-conflict-with-guava/listenablefuture-9999.0-empty-to-avoid-conflict-with-guava.jar:/Users/liorlavon/.m2/repository/com/google/code/findbugs/jsr305/3.0.2/jsr305-3.0.2.jar:/Users/liorlavon/.m2/repository/org/checkerframework/checker-qual/2.10.0/checker-qual-2.10.0.jar:/Users/liorlavon/.m2/repository/com/google/errorprone/error_prone_annotations/2.3.4/error_prone_annotations-2.3.4.jar:/Users/liorlavon/.m2/repository/com/google/j2objc/j2objc-annotations/1.3/j2objc-annotations-1.3.jar:/Users/liorlavon/.m2/repository/com/fasterxml/jackson/core/jackson-databind/2.11.0/jackson-databind-2.11.0.jar:/Users/liorlavon/.m2/repository/com/fasterxml/jackson/core/jackson-annotations/2.11.0/jackson-annotations-2.11.0.jar:/Users/liorlavon/.m2/repository/com/fasterxml/jackson/core/jackson-core/2.11.0/jackson-core-2.11.0.jar:/Users/liorlavon/.m2/repository/jakarta/jms/jakarta.jms-api/2.0.3/jakarta.jms-api-2.0.3.jar:/Users/liorlavon/.m2/repository/org/springframework/spring-jms/5.2.7.RELEASE/spring-jms-5.2.7.RELEASE.jar:/Users/liorlavon/.m2/repository/org/springframework/spring-beans/5.2.7.RELEASE/spring-beans-5.2.7.RELEASE.jar:/Users/liorlavon/.m2/repository/org/springframework/spring-core/5.2.7.RELEASE/spring-core-5.2.7.RELEASE.jar:/Users/liorlavon/.m2/repository/org/springframework/spring-jcl/5.2.7.RELEASE/spring-jcl-5.2.7.RELEASE.jar:/Users/liorlavon/.m2/repository/org/springframework/spring-messaging/5.2.7.RELEASE/spring-messaging-5.2.7.RELEASE.jar:/Users/liorlavon/.m2/repository/org/springframework/spring-tx/5.2.7.RELEASE/spring-tx-5.2.7.RELEASE.jar:/Users/liorlavon/.m2/repository/org/springframework/boot/spring-boot-starter-actuator/2.3.1.RELEASE/spring-boot-starter-actuator-2.3.1.RELEASE.jar:/Users/liorlavon/.m2/repository/org/springframework/boot/spring-boot-actuator-autoconfigure/2.3.1.RELEASE/spring-boot-actuator-autoconfigure-2.3.1.RELEASE.jar:/Users/liorlavon/.m2/repository/org/springframework/boot/spring-boot-actuator/2.3.1.RELEASE/spring-boot-actuator-2.3.1.RELEASE.jar:/Users/liorlavon/.m2/repository/com/fasterxml/jackson/datatype/jackson-datatype-jsr310/2.11.0/jackson-datatype-jsr310-2.11.0.jar:/Users/liorlavon/.m2/repository/io/micrometer/micrometer-core/1.5.1/micrometer-core-1.5.1.jar:/Users/liorlavon/.m2/repository/org/hdrhistogram/HdrHistogram/2.1.12/HdrHistogram-2.1.12.jar:/Users/liorlavon/.m2/repository/org/latencyutils/LatencyUtils/2.0.3/LatencyUtils-2.0.3.jar:/Users/liorlavon/.m2/repository/org/springframework/boot/spring-boot-starter/2.3.1.RELEASE/spring-boot-starter-2.3.1.RELEASE.jar:/Users/liorlavon/.m2/repository/org/springframework/boot/spring-boot/2.3.1.RELEASE/spring-boot-2.3.1.RELEASE.jar:/Users/liorlavon/.m2/repository/org/springframework/spring-context/5.2.7.RELEASE/spring-context-5.2.7.RELEASE.jar:/Users/liorlavon/.m2/repository/org/springframework/boot/spring-boot-autoconfigure/2.3.1.RELEASE/spring-boot-autoconfigure-2.3.1.RELEASE.jar:/Users/liorlavon/.m2/repository/org/springframework/boot/spring-boot-starter-logging/2.3.1.RELEASE/spring-boot-starter-logging-2.3.1.RELEASE.jar:/Users/liorlavon/.m2/repository/ch/qos/logback/logback-classic/1.2.3/logback-classic-1.2.3.jar:/Users/liorlavon/.m2/repository/ch/qos/logback/logback-core/1.2.3/logback-core-1.2.3.jar:/Users/liorlavon/.m2/repository/org/apache/logging/log4j/log4j-to-slf4j/2.13.3/log4j-to-slf4j-2.13.3.jar:/Users/liorlavon/.m2/repository/org/apache/logging/log4j/log4j-api/2.13.3/log4j-api-2.13.3.jar:/Users/liorlavon/.m2/repository/org/slf4j/jul-to-slf4j/1.7.30/jul-to-slf4j-1.7.30.jar:/Users/liorlavon/.m2/repository/jakarta/annotation/jakarta.annotation-api/1.3.5/jakarta.annotation-api-1.3.5.jar:/Users/liorlavon/.m2/repository/org/yaml/snakeyaml/1.26/snakeyaml-1.26.jar:/Users/liorlavon/.m2/repository/org/springframework/boot/spring-boot-starter-web/2.3.1.RELEASE/spring-boot-starter-web-2.3.1.RELEASE.jar:/Users/liorlavon/.m2/repository/org/springframework/boot/spring-boot-starter-json/2.3.1.RELEASE/spring-boot-starter-json-2.3.1.RELEASE.jar:/Users/liorlavon/.m2/repository/com/fasterxml/jackson/datatype/jackson-datatype-jdk8/2.11.0/jackson-datatype-jdk8-2.11.0.jar:/Users/liorlavon/.m2/repository/com/fasterxml/jackson/module/jackson-module-parameter-names/2.11.0/jackson-module-parameter-names-2.11.0.jar:/Users/liorlavon/.m2/repository/org/springframework/boot/spring-boot-starter-tomcat/2.3.1.RELEASE/spring-boot-starter-tomcat-2.3.1.RELEASE.jar:/Users/liorlavon/.m2/repository/org/apache/tomcat/embed/tomcat-embed-core/9.0.36/tomcat-embed-core-9.0.36.jar:/Users/liorlavon/.m2/repository/org/apache/tomcat/embed/tomcat-embed-websocket/9.0.36/tomcat-embed-websocket-9.0.36.jar:/Users/liorlavon/.m2/repository/org/springframework/spring-web/5.2.7.RELEASE/spring-web-5.2.7.RELEASE.jar:/Users/liorlavon/.m2/repository/org/springframework/spring-webmvc/5.2.7.RELEASE/spring-webmvc-5.2.7.RELEASE.jar:/Users/liorlavon/.m2/repository/org/springframework/spring-aop/5.2.7.RELEASE/spring-aop-5.2.7.RELEASE.jar:/Users/liorlavon/.m2/repository/org/springframework/spring-expression/5.2.7.RELEASE/spring-expression-5.2.7.RELEASE.jar:/Users/liorlavon/.m2/repository/org/springframework/boot/spring-boot-starter-validation/2.3.1.RELEASE/spring-boot-starter-validation-2.3.1.RELEASE.jar:/Users/liorlavon/.m2/repository/org/glassfish/jakarta.el/3.0.3/jakarta.el-3.0.3.jar:/Users/liorlavon/.m2/repository/org/hibernate/validator/hibernate-validator/6.1.5.Final/hibernate-validator-6.1.5.Final.jar:/Users/liorlavon/.m2/repository/jakarta/validation/jakarta.validation-api/2.0.2/jakarta.validation-api-2.0.2.jar:/Users/liorlavon/.m2/repository/org/jboss/logging/jboss-logging/3.4.1.Final/jboss-logging-3.4.1.Final.jar:/Users/liorlavon/.m2/repository/com/fasterxml/classmate/1.5.1/classmate-1.5.1.jar:/Users/liorlavon/.m2/repository/org/springframework/boot/spring-boot-devtools/2.3.1.RELEASE/spring-boot-devtools-2.3.1.RELEASE.jar:/Users/liorlavon/.m2/repository/org/springframework/boot/spring-boot-starter-data-jpa/2.3.1.RELEASE/spring-boot-starter-data-jpa-2.3.1.RELEASE.jar:/Users/liorlavon/.m2/repository/org/springframework/boot/spring-boot-starter-aop/2.3.1.RELEASE/spring-boot-starter-aop-2.3.1.RELEASE.jar:/Users/liorlavon/.m2/repository/org/aspectj/aspectjweaver/1.9.5/aspectjweaver-1.9.5.jar:/Users/liorlavon/.m2/repository/org/springframework/boot/spring-boot-starter-jdbc/2.3.1.RELEASE/spring-boot-starter-jdbc-2.3.1.RELEASE.jar:/Users/liorlavon/.m2/repository/org/springframework/spring-jdbc/5.2.7.RELEASE/spring-jdbc-5.2.7.RELEASE.jar:/Users/liorlavon/.m2/repository/jakarta/transaction/jakarta.transaction-api/1.3.3/jakarta.transaction-api-1.3.3.jar:/Users/liorlavon/.m2/repository/jakarta/persistence/jakarta.persistence-api/2.2.3/jakarta.persistence-api-2.2.3.jar:/Users/liorlavon/.m2/repository/org/hibernate/hibernate-core/5.4.17.Final/hibernate-core-5.4.17.Final.jar:/Users/liorlavon/.m2/repository/org/javassist/javassist/3.24.0-GA/javassist-3.24.0-GA.jar:/Users/liorlavon/.m2/repository/net/bytebuddy/byte-buddy/1.10.11/byte-buddy-1.10.11.jar:/Users/liorlavon/.m2/repository/antlr/antlr/2.7.7/antlr-2.7.7.jar:/Users/liorlavon/.m2/repository/org/jboss/jandex/2.1.3.Final/jandex-2.1.3.Final.jar:/Users/liorlavon/.m2/repository/org/dom4j/dom4j/2.1.3/dom4j-2.1.3.jar:/Users/liorlavon/.m2/repository/org/hibernate/common/hibernate-commons-annotations/5.1.0.Final/hibernate-commons-annotations-5.1.0.Final.jar:/Users/liorlavon/.m2/repository/org/glassfish/jaxb/jaxb-runtime/2.3.3/jaxb-runtime-2.3.3.jar:/Users/liorlavon/.m2/repository/org/glassfish/jaxb/txw2/2.3.3/txw2-2.3.3.jar:/Users/liorlavon/.m2/repository/com/sun/istack/istack-commons-runtime/3.0.11/istack-commons-runtime-3.0.11.jar:/Users/liorlavon/.m2/repository/com/sun/activation/jakarta.activation/1.2.2/jakarta.activation-1.2.2.jar:/Users/liorlavon/.m2/repository/org/springframework/data/spring-data-jpa/2.3.1.RELEASE/spring-data-jpa-2.3.1.RELEASE.jar:/Users/liorlavon/.m2/repository/org/springframework/data/spring-data-commons/2.3.1.RELEASE/spring-data-commons-2.3.1.RELEASE.jar:/Users/liorlavon/.m2/repository/org/springframework/spring-orm/5.2.7.RELEASE/spring-orm-5.2.7.RELEASE.jar:/Users/liorlavon/.m2/repository/org/springframework/spring-aspects/5.2.7.RELEASE/spring-aspects-5.2.7.RELEASE.jar:/Users/liorlavon/.m2/repository/com/h2database/h2/1.4.200/h2-1.4.200.jar:/Users/liorlavon/.m2/repository/mysql/mysql-connector-java/8.0.20/mysql-connector-java-8.0.20.jar:/Users/liorlavon/.m2/repository/org/mapstruct/mapstruct/1.3.1.Final/mapstruct-1.3.1.Final.jar:/Users/liorlavon/.m2/repository/org/projectlombok/lombok/1.18.12/lombok-1.18.12.jar:/Users/liorlavon/.m2/repository/com/zaxxer/HikariCP/3.4.5/HikariCP-3.4.5.jar:/Users/liorlavon/.m2/repository/org/slf4j/slf4j-api/1.7.30/slf4j-api-1.7.30.jar:/Users/liorlavon/.m2/repository/org/springframework/boot/spring-boot-starter-test/2.3.1.RELEASE/spring-boot-starter-test-2.3.1.RELEASE.jar:/Users/liorlavon/.m2/repository/org/springframework/boot/spring-boot-test/2.3.1.RELEASE/spring-boot-test-2.3.1.RELEASE.jar:/Users/liorlavon/.m2/repository/org/springframework/boot/spring-boot-test-autoconfigure/2.3.1.RELEASE/spring-boot-test-autoconfigure-2.3.1.RELEASE.jar:/Users/liorlavon/.m2/repository/com/jayway/jsonpath/json-path/2.4.0/json-path-2.4.0.jar:/Users/liorlavon/.m2/repository/net/minidev/json-smart/2.3/json-smart-2.3.jar:/Users/liorlavon/.m2/repository/net/minidev/accessors-smart/1.2/accessors-smart-1.2.jar:/Users/liorlavon/.m2/repository/org/ow2/asm/asm/5.0.4/asm-5.0.4.jar:/Users/liorlavon/.m2/repository/jakarta/xml/bind/jakarta.xml.bind-api/2.3.3/jakarta.xml.bind-api-2.3.3.jar:/Users/liorlavon/.m2/repository/jakarta/activation/jakarta.activation-api/1.2.2/jakarta.activation-api-1.2.2.jar:/Users/liorlavon/.m2/repository/org/assertj/assertj-core/3.16.1/assertj-core-3.16.1.jar:/Users/liorlavon/.m2/repository/org/hamcrest/hamcrest/2.2/hamcrest-2.2.jar:/Users/liorlavon/.m2/repository/org/junit/jupiter/junit-jupiter/5.6.2/junit-jupiter-5.6.2.jar:/Users/liorlavon/.m2/repository/org/junit/jupiter/junit-jupiter-params/5.6.2/junit-jupiter-params-5.6.2.jar:/Users/liorlavon/.m2/repository/org/mockito/mockito-core/3.3.3/mockito-core-3.3.3.jar:/Users/liorlavon/.m2/repository/net/bytebuddy/byte-buddy-agent/1.10.11/byte-buddy-agent-1.10.11.jar:/Users/liorlavon/.m2/repository/org/objenesis/objenesis/2.6/objenesis-2.6.jar:/Users/liorlavon/.m2/repository/org/skyscreamer/jsonassert/1.5.0/jsonassert-1.5.0.jar:/Users/liorlavon/.m2/repository/com/vaadin/external/google/android-json/0.0.20131108.vaadin1/android-json-0.0.20131108.vaadin1.jar:/Users/liorlavon/.m2/repository/org/springframework/spring-test/5.2.7.RELEASE/spring-test-5.2.7.RELEASE.jar:/Users/liorlavon/.m2/repository/org/xmlunit/xmlunit-core/2.7.0/xmlunit-core-2.7.0.jar:/Users/liorlavon/.m2/repository/org/junit/jupiter/junit-jupiter-api/5.6.2/junit-jupiter-api-5.6.2.jar:/Users/liorlavon/.m2/repository/org/apiguardian/apiguardian-api/1.1.0/apiguardian-api-1.1.0.jar:/Users/liorlavon/.m2/repository/org/opentest4j/opentest4j/1.2.0/opentest4j-1.2.0.jar:/Users/liorlavon/.m2/repository/org/junit/platform/junit-platform-commons/1.6.2/junit-platform-commons-1.6.2.jar:/Users/liorlavon/.m2/repository/org/junit/jupiter/junit-jupiter-engine/5.6.2/junit-jupiter-engine-5.6.2.jar:/Users/liorlavon/.m2/repository/org/junit/platform/junit-platform-engine/1.6.2/junit-platform-engine-1.6.2.jar:/Users/liorlavon/.m2/repository/org/mockito/mockito-junit-jupiter/3.3.3/mockito-junit-jupiter-3.3.3.jar:"/>
    <property name="sun.cpu.endian" value="little"/>
    <property name="user.home" value="/Users/liorlavon"/>
    <property name="user.language" value="en"/>
    <property name="java.specification.vendor" value="Oracle Corporation"/>
    <property name="java.version.date" value="2020-01-14"/>
    <property name="java.home" value="/Library/Java/JavaVirtualMachines/jdk-13.0.2.jdk/Contents/Home"/>
    <property name="file.separator" value="/"/>
    <property name="basedir" value="/Users/liorlavon/Documents/Java/mssc-workspace/mssc-beer-order-service"/>
    <property name="java.vm.compressedOopsMode" value="Zero based"/>
    <property name="line.separator" value="&#10;"/>
    <property name="java.specification.name" value="Java Platform API Specification"/>
    <property name="java.vm.specification.vendor" value="Oracle Corporation"/>
    <property name="idea.version2020.1.2" value="true"/>
    <property name="surefire.real.class.path" value="/Users/liorlavon/Documents/Java/mssc-workspace/mssc-beer-order-service/target/surefire/surefirebooter15127868364959675991.jar"/>
    <property name="sun.management.compiler" value="HotSpot 64-Bit Tiered Compilers"/>
    <property name="ftp.nonProxyHosts" value="local|*.local|169.254/16|*.169.254/16"/>
    <property name="java.runtime.version" value="13.0.2+8"/>
    <property name="user.name" value="liorlavon"/>
    <property name="path.separator" value=":"/>
    <property name="os.version" value="10.15.4"/>
    <property name="java.runtime.name" value="Java(TM) SE Runtime Environment"/>
    <property name="file.encoding" value="US-ASCII"/>
    <property name="java.vm.name" value="Java HotSpot(TM) 64-Bit Server VM"/>
    <property name="localRepository" value="/Users/liorlavon/.m2/repository"/>
    <property name="java.vendor.url.bug" value="https://bugreport.java.com/bugreport/"/>
    <property name="java.io.tmpdir" value="/var/folders/7f/g0chmrls1ds23213j8b64hgw0000gn/T/"/>
    <property name="java.version" value="13.0.2"/>
    <property name="user.dir" value="/Users/liorlavon/Documents/Java/mssc-workspace/mssc-beer-order-service"/>
    <property name="os.arch" value="x86_64"/>
    <property name="java.vm.specification.name" value="Java Virtual Machine Specification"/>
    <property name="java.library.path" value="/Users/liorlavon/Library/Java/Extensions:/Library/Java/Extensions:/Network/Library/Java/Extensions:/System/Library/Java/Extensions:/usr/lib/java:."/>
    <property name="java.vm.info" value="mixed mode, sharing"/>
    <property name="java.vendor" value="Oracle Corporation"/>
    <property name="java.vm.version" value="13.0.2+8"/>
    <property name="sun.io.unicode.encoding" value="UnicodeBig"/>
    <property name="socksNonProxyHosts" value="local|*.local|169.254/16|*.169.254/16"/>
    <property name="java.class.version" value="57.0"/>
  </properties>
  <testcase name="getOnhandBeerData" classname="guru.sfg.beer.order.service.services.Beer.BeerServiceRestTemplateImplTest" time="0.028">
    <error type="java.lang.NullPointerException">java.lang.NullPointerException
	at guru.sfg.beer.order.service.services.Beer.BeerServiceRestTemplateImplTest.getOnhandBeerData(BeerServiceRestTemplateImplTest.java:29)
</error>
    <system-out><![CDATA[2020-07-01 15:51:36.830  INFO 86024 --- [           main] .b.t.c.SpringBootTestContextBootstrapper : Neither @ContextConfiguration nor @ContextHierarchy found for test class [guru.sfg.beer.order.service.services.Beer.BeerServiceRestTemplateImplTest], using SpringBootContextLoader
2020-07-01 15:51:36.831  INFO 86024 --- [           main] o.s.t.c.support.AbstractContextLoader    : Could not detect default resource locations for test class [guru.sfg.beer.order.service.services.Beer.BeerServiceRestTemplateImplTest]: no resource found for suffixes {-context.xml, Context.groovy}.
2020-07-01 15:51:36.832  INFO 86024 --- [           main] t.c.s.AnnotationConfigContextLoaderUtils : Could not detect default configuration classes for test class [guru.sfg.beer.order.service.services.Beer.BeerServiceRestTemplateImplTest]: BeerServiceRestTemplateImplTest does not declare any static, non-private, non-final, nested classes annotated with @Configuration.
2020-07-01 15:51:36.845  INFO 86024 --- [           main] .b.t.c.SpringBootTestContextBootstrapper : Found @SpringBootConfiguration guru.sfg.beer.order.service.BeerOrderServiceApplication for test class guru.sfg.beer.order.service.services.Beer.BeerServiceRestTemplateImplTest
2020-07-01 15:51:36.847  INFO 86024 --- [           main] .b.t.c.SpringBootTestContextBootstrapper : Loaded default TestExecutionListener class names from location [META-INF/spring.factories]: [org.springframework.boot.test.mock.mockito.MockitoTestExecutionListener, org.springframework.boot.test.mock.mockito.ResetMocksTestExecutionListener, org.springframework.boot.test.autoconfigure.restdocs.RestDocsTestExecutionListener, org.springframework.boot.test.autoconfigure.web.client.MockRestServiceServerResetTestExecutionListener, org.springframework.boot.test.autoconfigure.web.servlet.MockMvcPrintOnlyOnFailureTestExecutionListener, org.springframework.boot.test.autoconfigure.web.servlet.WebDriverTestExecutionListener, org.springframework.boot.test.autoconfigure.webservices.client.MockWebServiceServerTestExecutionListener, org.springframework.test.context.web.ServletTestExecutionListener, org.springframework.test.context.support.DirtiesContextBeforeModesTestExecutionListener, org.springframework.test.context.support.DependencyInjectionTestExecutionListener, org.springframework.test.context.support.DirtiesContextTestExecutionListener, org.springframework.test.context.transaction.TransactionalTestExecutionListener, org.springframework.test.context.jdbc.SqlScriptsTestExecutionListener, org.springframework.test.context.event.EventPublishingTestExecutionListener]
2020-07-01 15:51:36.847  INFO 86024 --- [           main] .b.t.c.SpringBootTestContextBootstrapper : Using TestExecutionListeners: [org.springframework.test.context.web.ServletTestExecutionListener@f4d391c, org.springframework.test.context.support.DirtiesContextBeforeModesTestExecutionListener@470b5213, org.springframework.boot.test.mock.mockito.MockitoTestExecutionListener@2fa2143d, org.springframework.boot.test.autoconfigure.SpringBootDependencyInjectionTestExecutionListener@64887fbc, org.springframework.test.context.support.DirtiesContextTestExecutionListener@26b3fe8, org.springframework.test.context.transaction.TransactionalTestExecutionListener@1f6d7e7c, org.springframework.test.context.jdbc.SqlScriptsTestExecutionListener@20518250, org.springframework.test.context.event.EventPublishingTestExecutionListener@7836c79, org.springframework.boot.test.mock.mockito.ResetMocksTestExecutionListener@5ccc971e, org.springframework.boot.test.autoconfigure.restdocs.RestDocsTestExecutionListener@28269c65, org.springframework.boot.test.autoconfigure.web.client.MockRestServiceServerResetTestExecutionListener@4c9d833, org.springframework.boot.test.autoconfigure.web.servlet.MockMvcPrintOnlyOnFailureTestExecutionListener@18b58c77, org.springframework.boot.test.autoconfigure.web.servlet.WebDriverTestExecutionListener@20f99c18, org.springframework.boot.test.autoconfigure.webservices.client.MockWebServiceServerTestExecutionListener@3c20e9d6]

  .   ____          _            __ _ _
 /\\ / ___'_ __ _ _(_)_ __  __ _ \ \ \ \
( ( )\___ | '_ | '_| | '_ \/ _` | \ \ \ \
 \\/  ___)| |_)| | | | | || (_| |  ) ) ) )
  '  |____| .__|_| |_|_| |_\__, | / / / /
 =========|_|==============|___/=/_/_/_/
 :: Spring Boot ::        (v2.3.1.RELEASE)

2020-07-01 15:51:36.875  INFO 86024 --- [           main] .o.s.s.B.BeerServiceRestTemplateImplTest : Starting BeerServiceRestTemplateImplTest on Liors-MacBook-Pro.local with PID 86024 (started by liorlavon in /Users/liorlavon/Documents/Java/mssc-workspace/mssc-beer-order-service)
2020-07-01 15:51:36.875 DEBUG 86024 --- [           main] .o.s.s.B.BeerServiceRestTemplateImplTest : Running with Spring Boot v2.3.1.RELEASE, Spring v5.2.7.RELEASE
2020-07-01 15:51:36.875  INFO 86024 --- [           main] .o.s.s.B.BeerServiceRestTemplateImplTest : No active profile set, falling back to default profiles: default
2020-07-01 15:51:37.257  INFO 86024 --- [           main] .s.d.r.c.RepositoryConfigurationDelegate : Bootstrapping Spring Data JPA repositories in DEFERRED mode.
2020-07-01 15:51:37.275  INFO 86024 --- [           main] .s.d.r.c.RepositoryConfigurationDelegate : Finished Spring Data repository scanning in 18ms. Found 3 JPA repository interfaces.
2020-07-01 15:51:37.627 DEBUG 86024 --- [           main] com.zaxxer.hikari.HikariConfig           : Driver class org.h2.Driver found in Thread context class loader jdk.internal.loader.ClassLoaders$AppClassLoader@5ffd2b27
2020-07-01 15:51:37.689  INFO 86024 --- [           main] o.s.s.c.ThreadPoolTaskScheduler          : Initializing ExecutorService 'taskScheduler'
2020-07-01 15:51:37.694 DEBUG 86024 --- [           main] com.zaxxer.hikari.HikariConfig           : HikariPool-2 - configuration:
2020-07-01 15:51:37.695 DEBUG 86024 --- [           main] com.zaxxer.hikari.HikariConfig           : allowPoolSuspension.............false
2020-07-01 15:51:37.695 DEBUG 86024 --- [           main] com.zaxxer.hikari.HikariConfig           : autoCommit......................true
2020-07-01 15:51:37.695 DEBUG 86024 --- [           main] com.zaxxer.hikari.HikariConfig           : catalog.........................none
2020-07-01 15:51:37.695 DEBUG 86024 --- [           main] com.zaxxer.hikari.HikariConfig           : connectionInitSql...............none
2020-07-01 15:51:37.695 DEBUG 86024 --- [           main] com.zaxxer.hikari.HikariConfig           : connectionTestQuery.............none
2020-07-01 15:51:37.695 DEBUG 86024 --- [           main] com.zaxxer.hikari.HikariConfig           : connectionTimeout...............30000
2020-07-01 15:51:37.695 DEBUG 86024 --- [           main] com.zaxxer.hikari.HikariConfig           : dataSource......................none
2020-07-01 15:51:37.696 DEBUG 86024 --- [           main] com.zaxxer.hikari.HikariConfig           : dataSourceClassName.............none
2020-07-01 15:51:37.696 DEBUG 86024 --- [           main] com.zaxxer.hikari.HikariConfig           : dataSourceJNDI..................none
2020-07-01 15:51:37.696 DEBUG 86024 --- [           main] com.zaxxer.hikari.HikariConfig           : dataSourceProperties............{maintainTimeStats=false, password=<masked>, rewriteBatchedStatements=true, prepStmtCacheSqlLimit=2048, elideSetAutoCommits=true, cacheResultSetMetadata=true, cachePrepStmts=true, prepStmtCacheSize=250, useServerPrepStmts=true, useLocalSessionState=true, cacheServerConfiguration=true}
2020-07-01 15:51:37.696 DEBUG 86024 --- [           main] com.zaxxer.hikari.HikariConfig           : driverClassName................."org.h2.Driver"
2020-07-01 15:51:37.696 DEBUG 86024 --- [           main] com.zaxxer.hikari.HikariConfig           : exceptionOverrideClassName......none
2020-07-01 15:51:37.696 DEBUG 86024 --- [           main] com.zaxxer.hikari.HikariConfig           : healthCheckProperties...........{}
2020-07-01 15:51:37.696 DEBUG 86024 --- [           main] com.zaxxer.hikari.HikariConfig           : healthCheckRegistry.............none
2020-07-01 15:51:37.696 DEBUG 86024 --- [           main] com.zaxxer.hikari.HikariConfig           : idleTimeout.....................600000
2020-07-01 15:51:37.696 DEBUG 86024 --- [           main] com.zaxxer.hikari.HikariConfig           : initializationFailTimeout.......1
2020-07-01 15:51:37.696 DEBUG 86024 --- [           main] com.zaxxer.hikari.HikariConfig           : isolateInternalQueries..........false
2020-07-01 15:51:37.696 DEBUG 86024 --- [           main] com.zaxxer.hikari.HikariConfig           : jdbcUrl.........................jdbc:h2:mem:testdb
2020-07-01 15:51:37.697 DEBUG 86024 --- [           main] com.zaxxer.hikari.HikariConfig           : leakDetectionThreshold..........0
2020-07-01 15:51:37.697 DEBUG 86024 --- [           main] com.zaxxer.hikari.HikariConfig           : maxLifetime.....................1800000
2020-07-01 15:51:37.697 DEBUG 86024 --- [           main] com.zaxxer.hikari.HikariConfig           : maximumPoolSize.................5
2020-07-01 15:51:37.697 DEBUG 86024 --- [           main] com.zaxxer.hikari.HikariConfig           : metricRegistry..................none
2020-07-01 15:51:37.697 DEBUG 86024 --- [           main] com.zaxxer.hikari.HikariConfig           : metricsTrackerFactory...........none
2020-07-01 15:51:37.697 DEBUG 86024 --- [           main] com.zaxxer.hikari.HikariConfig           : minimumIdle.....................5
2020-07-01 15:51:37.697 DEBUG 86024 --- [           main] com.zaxxer.hikari.HikariConfig           : password........................<masked>
2020-07-01 15:51:37.697 DEBUG 86024 --- [           main] com.zaxxer.hikari.HikariConfig           : poolName........................"HikariPool-2"
2020-07-01 15:51:37.697 DEBUG 86024 --- [           main] com.zaxxer.hikari.HikariConfig           : readOnly........................false
2020-07-01 15:51:37.697 DEBUG 86024 --- [           main] com.zaxxer.hikari.HikariConfig           : registerMbeans..................false
2020-07-01 15:51:37.697 DEBUG 86024 --- [           main] com.zaxxer.hikari.HikariConfig           : scheduledExecutor...............none
2020-07-01 15:51:37.697 DEBUG 86024 --- [           main] com.zaxxer.hikari.HikariConfig           : schema..........................none
2020-07-01 15:51:37.698 DEBUG 86024 --- [           main] com.zaxxer.hikari.HikariConfig           : threadFactory...................internal
2020-07-01 15:51:37.698 DEBUG 86024 --- [           main] com.zaxxer.hikari.HikariConfig           : transactionIsolation............default
2020-07-01 15:51:37.698 DEBUG 86024 --- [           main] com.zaxxer.hikari.HikariConfig           : username........................"sa"
2020-07-01 15:51:37.698 DEBUG 86024 --- [           main] com.zaxxer.hikari.HikariConfig           : validationTimeout...............5000
2020-07-01 15:51:37.698  INFO 86024 --- [           main] com.zaxxer.hikari.HikariDataSource       : HikariPool-2 - Starting...
2020-07-01 15:51:37.699  INFO 86024 --- [           main] com.zaxxer.hikari.HikariDataSource       : HikariPool-2 - Start completed.
2020-07-01 15:51:37.720  INFO 86024 --- [   scheduling-1] o.hibernate.jpa.internal.util.LogHelper  : HHH000204: Processing PersistenceUnitInfo [name: default]
2020-07-01 15:51:37.734  INFO 86024 --- [   scheduling-1] org.hibernate.dialect.Dialect            : HHH000400: Using dialect: org.hibernate.dialect.H2Dialect
2020-07-01 15:51:37.910  INFO 86024 --- [   scheduling-1] o.h.e.t.j.p.i.JtaPlatformInitiator       : HHH000490: Using JtaPlatform implementation: [org.hibernate.engine.transaction.jta.platform.internal.NoJtaPlatform]
2020-07-01 15:51:37.910  INFO 86024 --- [   scheduling-1] j.LocalContainerEntityManagerFactoryBean : Initialized JPA EntityManagerFactory for persistence unit 'default'
2020-07-01 15:51:38.019  WARN 86024 --- [           main] JpaBaseConfiguration$JpaWebConfiguration : spring.jpa.open-in-view is enabled by default. Therefore, database queries may be performed during view rendering. Explicitly configure spring.jpa.open-in-view to disable this warning
2020-07-01 15:51:38.418 ERROR 86024 --- [   scheduling-1] g.s.b.o.s.services.TastingRoomService    : Too many or too few tasting room customers found
2020-07-01 15:51:38.560  INFO 86024 --- [           main] o.s.b.a.h2.H2ConsoleAutoConfiguration    : H2 console available at '/h2-console'. Database available at 'jdbc:h2:mem:testdb'
2020-07-01 15:51:38.634  INFO 86024 --- [           main] o.s.b.a.e.web.EndpointLinksResolver      : Exposing 2 endpoint(s) beneath base path '/actuator'
2020-07-01 15:51:38.671  INFO 86024 --- [           main] DeferredRepositoryInitializationListener : Triggering deferred initialization of Spring Data repositories?
2020-07-01 15:51:38.753  INFO 86024 --- [           main] DeferredRepositoryInitializationListener : Spring Data repositories initialized!
2020-07-01 15:51:38.759  INFO 86024 --- [           main] .o.s.s.B.BeerServiceRestTemplateImplTest : Started BeerServiceRestTemplateImplTest in 1.91 seconds (JVM running for 9.812)
2020-07-01 15:51:38.764 ERROR 86024 --- [   scheduling-1] g.s.b.o.s.services.TastingRoomService    : Too many or too few tasting room customers found
2020-07-01 15:51:38.767 DEBUG 86024 --- [           main] g.s.b.o.s.bootstrap.BeerOrderBootStrap   : Customer : a00ce523-971c-4d69-aecb-c6edfe063dc2
]]></system-out>
  </testcase>
</testsuite>